<?xml version="1.0" encoding="UTF-8"?>
<testsuite xmlns:xsi="http://www.w3.org/2001/XMLSchema-instance" xsi:noNamespaceSchemaLocation="https://maven.apache.org/surefire/maven-surefire-plugin/xsd/surefire-test-report-3.0.xsd" version="3.0" name="edu.school21.repositories.ProductRepositoryJdbcImplTest" time="0.741" tests="5" errors="0" skipped="0" failures="0">
  <properties>
[...]
</properties>
  <testcase name="testFindAll" classname="edu.school21.repositories.ProductRepositoryJdbcImplTest" time="0.411">
    <system-err><![CDATA[Apr 29, 2022 2:06:13 AM org.springframework.jdbc.datasource.embedded.EmbeddedDatabaseFactory initDatabase
INFO: Starting embedded database: url='jdbc:hsqldb:mem:testdb', username='sa'
Apr 29, 2022 2:06:13 AM org.springframework.jdbc.datasource.embedded.EmbeddedDatabaseFactory shutdownDatabase
INFO: Shutting down embedded database: url='jdbc:hsqldb:mem:testdb'
]]></system-err>
  </testcase>
  <testcase name="testSave" classname="edu.school21.repositories.ProductRepositoryJdbcImplTest" time="0.068">
    <system-err><![CDATA[Apr 29, 2022 2:06:13 AM org.springframework.jdbc.datasource.embedded.EmbeddedDatabaseFactory initDatabase
INFO: Starting embedded database: url='jdbc:hsqldb:mem:testdb', username='sa'
Apr 29, 2022 2:06:13 AM org.springframework.jdbc.datasource.embedded.EmbeddedDatabaseFactory shutdownDatabase
INFO: Shutting down embedded database: url='jdbc:hsqldb:mem:testdb'
]]></system-err>
  </testcase>
  <testcase name="testFindById" classname="edu.school21.repositories.ProductRepositoryJdbcImplTest" time="0.064">
    <system-err><![CDATA[Apr 29, 2022 2:06:13 AM org.springframework.jdbc.datasource.embedded.EmbeddedDatabaseFactory initDatabase
INFO: Starting embedded database: url='jdbc:hsqldb:mem:testdb', username='sa'
Apr 29, 2022 2:06:13 AM org.springframework.jdbc.datasource.embedded.EmbeddedDatabaseFactory shutdownDatabase
INFO: Shutting down embedded database: url='jdbc:hsqldb:mem:testdb'
]]></system-err>
  </testcase>
  <testcase name="testDelete" classname="edu.school21.repositories.ProductRepositoryJdbcImplTest" time="0.085">
    <system-err><![CDATA[Apr 29, 2022 2:06:13 AM org.springframework.jdbc.datasource.embedded.EmbeddedDatabaseFactory initDatabase
INFO: Starting embedded database: url='jdbc:hsqldb:mem:testdb', username='sa'
Apr 29, 2022 2:06:13 AM org.springframework.jdbc.datasource.embedded.EmbeddedDatabaseFactory shutdownDatabase
INFO: Shutting down embedded database: url='jdbc:hsqldb:mem:testdb'
]]></system-err>
  </testcase>
  <testcase name="testUpdate" classname="edu.school21.repositories.ProductRepositoryJdbcImplTest" time="0.094">
    <system-err><![CDATA[Apr 29, 2022 2:06:13 AM org.springframework.jdbc.datasource.embedded.EmbeddedDatabaseFactory initDatabase
INFO: Starting embedded database: url='jdbc:hsqldb:mem:testdb', username='sa'
Apr 29, 2022 2:06:14 AM org.springframework.jdbc.datasource.embedded.EmbeddedDatabaseFactory shutdownDatabase
INFO: Shutting down embedded database: url='jdbc:hsqldb:mem:testdb'
]]></system-err>
  </testcase>
</testsuite>