<?xml version="1.0" encoding="UTF-8"?>
<testsuite xmlns:xsi="http://www.w3.org/2001/XMLSchema-instance" xsi:noNamespaceSchemaLocation="https://maven.apache.org/surefire/maven-surefire-plugin/xsd/surefire-test-report-3.0.xsd" version="3.0" name="edu.school21.numbers.NumberWorkerTest" time="0.53" tests="29" errors="0" skipped="0" failures="0">
  <properties>
[...]
</properties>
  <testcase name="checkDigitSum(int, int)[1]" classname="edu.school21.numbers.NumberWorkerTest" time="0.094"/>
  <testcase name="checkDigitSum(int, int)[2]" classname="edu.school21.numbers.NumberWorkerTest" time="0.004"/>
  <testcase name="checkDigitSum(int, int)[3]" classname="edu.school21.numbers.NumberWorkerTest" time="0.003"/>
  <testcase name="checkDigitSum(int, int)[4]" classname="edu.school21.numbers.NumberWorkerTest" time="0.002"/>
  <testcase name="checkDigitSum(int, int)[5]" classname="edu.school21.numbers.NumberWorkerTest" time="0.002"/>
  <testcase name="checkDigitSum(int, int)[6]" classname="edu.school21.numbers.NumberWorkerTest" time="0.004"/>
  <testcase name="checkDigitSum(int, int)[7]" classname="edu.school21.numbers.NumberWorkerTest" time="0.006"/>
  <testcase name="checkDigitSum(int, int)[8]" classname="edu.school21.numbers.NumberWorkerTest" time="0.006"/>
  <testcase name="checkDigitSum(int, int)[9]" classname="edu.school21.numbers.NumberWorkerTest" time="0.001"/>
  <testcase name="checkDigitSum(int, int)[10]" classname="edu.school21.numbers.NumberWorkerTest" time="0.003"/>
  <testcase name="checkDigitSum(int, int)[11]" classname="edu.school21.numbers.NumberWorkerTest" time="0.004"/>
  <testcase name="checkDigitSum(int, int)[12]" classname="edu.school21.numbers.NumberWorkerTest" time="0.002"/>
  <testcase name="checkDigitSum(int, int)[13]" classname="edu.school21.numbers.NumberWorkerTest" time="0.001"/>
  <testcase name="isPrimeForNotPrimes(int)[1]" classname="edu.school21.numbers.NumberWorkerTest" time="0.013"/>
  <testcase name="isPrimeForNotPrimes(int)[2]" classname="edu.school21.numbers.NumberWorkerTest" time="0.002"/>
  <testcase name="isPrimeForNotPrimes(int)[3]" classname="edu.school21.numbers.NumberWorkerTest" time="0.001"/>
  <testcase name="isPrimeForNotPrimes(int)[4]" classname="edu.school21.numbers.NumberWorkerTest" time="0"/>
  <testcase name="isPrimeForNotPrimes(int)[5]" classname="edu.school21.numbers.NumberWorkerTest" time="0.001"/>
  <testcase name="isPrimeForPrimes(int)[1]" classname="edu.school21.numbers.NumberWorkerTest" time="0.003"/>
  <testcase name="isPrimeForPrimes(int)[2]" classname="edu.school21.numbers.NumberWorkerTest" time="0.002"/>
  <testcase name="isPrimeForPrimes(int)[3]" classname="edu.school21.numbers.NumberWorkerTest" time="0.002"/>
  <testcase name="isPrimeForPrimes(int)[4]" classname="edu.school21.numbers.NumberWorkerTest" time="0.002"/>
  <testcase name="isPrimeForPrimes(int)[5]" classname="edu.school21.numbers.NumberWorkerTest" time="0.004"/>
  <testcase name="isPrimeForPrimes(int)[6]" classname="edu.school21.numbers.NumberWorkerTest" time="0.007"/>
  <testcase name="isPrimeForIncorrectNumbers(int)[1]" classname="edu.school21.numbers.NumberWorkerTest" time="0.035"/>
  <testcase name="isPrimeForIncorrectNumbers(int)[2]" classname="edu.school21.numbers.NumberWorkerTest" time="0.002"/>
  <testcase name="isPrimeForIncorrectNumbers(int)[3]" classname="edu.school21.numbers.NumberWorkerTest" time="0.006"/>
  <testcase name="isPrimeForIncorrectNumbers(int)[4]" classname="edu.school21.numbers.NumberWorkerTest" time="0.001"/>
  <testcase name="isPrimeForIncorrectNumbers(int)[5]" classname="edu.school21.numbers.NumberWorkerTest" time="0.002"/>
</testsuite>